# JRE version: OpenJDK Runtime Environment (11.0.11+9) (build 11.0.11+9-b60-7590822)
# Java VM: OpenJDK 64-Bit Server VM (11.0.11+9-b60-7590822, mixed mode, tiered, compressed oops, g1 gc, windows-amd64)
Heap:
 garbage-first heap   total 363520K, used 162322K [0x0000000080000000, 0x0000000100000000)
  region size 1024K, 8 young (8192K), 8 survivors (8192K)
 Metaspace       used 112666K, capacity 115448K, committed 115660K, reserved 1148928K
  class space    used 14208K, capacity 15247K, committed 15360K, reserved 1048576K
GC Heap History (20 events):
Event: 30.920 GC heap after
{Heap after GC invocations=49 (full 0):
 garbage-first heap   total 229376K, used 109934K [0x0000000080000000, 0x0000000100000000)
  region size 1024K, 3 young (3072K), 3 survivors (3072K)
 Metaspace       used 94466K, capacity 96584K, committed 97228K, reserved 1134592K
  class space    used 11785K, capacity 12574K, committed 12800K, reserved 1048576K
}
Event: 30.940 GC heap before
{Heap before GC invocations=49 (full 0):
 garbage-first heap   total 229376K, used 118126K [0x0000000080000000, 0x0000000100000000)
  region size 1024K, 11 young (11264K), 3 survivors (3072K)
 Metaspace       used 94618K, capacity 96776K, committed 97228K, reserved 1134592K
  class space    used 11796K, capacity 12574K, committed 12800K, reserved 1048576K
}
Event: 30.945 GC heap after
{Heap after GC invocations=50 (full 0):
 garbage-first heap   total 229376K, used 96936K [0x0000000080000000, 0x0000000100000000)
  region size 1024K, 2 young (2048K), 2 survivors (2048K)
 Metaspace       used 94618K, capacity 96776K, committed 97228K, reserved 1134592K
  class space    used 11796K, capacity 12574K, committed 12800K, reserved 1048576K
}
Event: 31.349 GC heap before
{Heap before GC invocations=50 (full 0):
 garbage-first heap   total 229376K, used 158376K [0x0000000080000000, 0x0000000100000000)
  region size 1024K, 61 young (62464K), 2 survivors (2048K)
 Metaspace       used 96034K, capacity 98171K, committed 98636K, reserved 1134592K
  class space    used 11927K, capacity 12754K, committed 12928K, reserved 1048576K
}
Event: 31.353 GC heap after
{Heap after GC invocations=51 (full 0):
 garbage-first heap   total 229376K, used 96665K [0x0000000080000000, 0x0000000100000000)
  region size 1024K, 2 young (2048K), 2 survivors (2048K)
 Metaspace       used 96034K, capacity 98171K, committed 98636K, reserved 1134592K
  class space    used 11927K, capacity 12754K, committed 12928K, reserved 1048576K
}
Event: 32.056 GC heap before
{Heap before GC invocations=51 (full 0):
 garbage-first heap   total 229376K, used 162201K [0x0000000080000000, 0x0000000100000000)
  region size 1024K, 67 young (68608K), 2 survivors (2048K)
 Metaspace       used 97604K, capacity 99822K, committed 100300K, reserved 1136640K
  class space    used 12059K, capacity 12866K, committed 13056K, reserved 1048576K
}
Event: 32.062 GC heap after
{Heap after GC invocations=52 (full 0):
 garbage-first heap   total 229376K, used 101018K [0x0000000080000000, 0x0000000100000000)
  region size 1024K, 6 young (6144K), 6 survivors (6144K)
 Metaspace       used 97604K, capacity 99822K, committed 100300K, reserved 1136640K
  class space    used 12059K, capacity 12866K, committed 13056K, reserved 1048576K
}
Event: 32.696 GC heap before
{Heap before GC invocations=52 (full 0):
 garbage-first heap   total 229376K, used 167578K [0x0000000080000000, 0x0000000100000000)
  region size 1024K, 72 young (73728K), 6 survivors (6144K)
 Metaspace       used 98687K, capacity 100870K, committed 101196K, reserved 1136640K
  class space    used 12169K, capacity 12976K, committed 13184K, reserved 1048576K
}
Event: 32.705 GC heap after
{Heap after GC invocations=53 (full 0):
 garbage-first heap   total 275456K, used 103896K [0x0000000080000000, 0x0000000100000000)
  region size 1024K, 3 young (3072K), 3 survivors (3072K)
 Metaspace       used 98687K, capacity 100870K, committed 101196K, reserved 1136640K
  class space    used 12169K, capacity 12976K, committed 13184K, reserved 1048576K
}
Event: 33.755 GC heap before
{Heap before GC invocations=53 (full 0):
 garbage-first heap   total 275456K, used 192984K [0x0000000080000000, 0x0000000100000000)
  region size 1024K, 91 young (93184K), 3 survivors (3072K)
 Metaspace       used 102407K, capacity 104572K, committed 104908K, reserved 1140736K
  class space    used 12619K, capacity 13436K, committed 13568K, reserved 1048576K
}
Event: 33.761 GC heap after
{Heap after GC invocations=54 (full 0):
 garbage-first heap   total 275456K, used 106512K [0x0000000080000000, 0x0000000100000000)
  region size 1024K, 6 young (6144K), 6 survivors (6144K)
 Metaspace       used 102407K, capacity 104572K, committed 104908K, reserved 1140736K
  class space    used 12619K, capacity 13436K, committed 13568K, reserved 1048576K
}
Event: 34.902 GC heap before
{Heap before GC invocations=54 (full 0):
 garbage-first heap   total 275456K, used 205840K [0x0000000080000000, 0x0000000100000000)
  region size 1024K, 104 young (106496K), 6 survivors (6144K)
 Metaspace       used 102644K, capacity 104880K, committed 105164K, reserved 1140736K
  class space    used 12646K, capacity 13447K, committed 13568K, reserved 1048576K
}
Event: 34.910 GC heap after
{Heap after GC invocations=55 (full 0):
 garbage-first heap   total 275456K, used 108814K [0x0000000080000000, 0x0000000100000000)
  region size 1024K, 8 young (8192K), 8 survivors (8192K)
 Metaspace       used 102644K, capacity 104880K, committed 105164K, reserved 1140736K
  class space    used 12646K, capacity 13447K, committed 13568K, reserved 1048576K
}
Event: 35.611 GC heap before
{Heap before GC invocations=55 (full 0):
 garbage-first heap   total 275456K, used 212238K [0x0000000080000000, 0x0000000100000000)
  region size 1024K, 110 young (112640K), 8 survivors (8192K)
 Metaspace       used 106778K, capacity 109258K, committed 109388K, reserved 1144832K
  class space    used 13262K, capacity 14177K, committed 14208K, reserved 1048576K
}
Event: 35.642 GC heap after
{Heap after GC invocations=56 (full 0):
 garbage-first heap   total 275456K, used 131032K [0x0000000080000000, 0x0000000100000000)
  region size 1024K, 14 young (14336K), 14 survivors (14336K)
 Metaspace       used 106778K, capacity 109258K, committed 109388K, reserved 1144832K
  class space    used 13262K, capacity 14177K, committed 14208K, reserved 1048576K
}
Event: 35.883 GC heap before
{Heap before GC invocations=56 (full 0):
 garbage-first heap   total 275456K, used 212952K [0x0000000080000000, 0x0000000100000000)
  region size 1024K, 95 young (97280K), 14 survivors (14336K)
 Metaspace       used 109249K, capacity 111988K, committed 112204K, reserved 1146880K
  class space    used 13636K, capacity 14665K, committed 14720K, reserved 1048576K
}
Event: 35.905 GC heap after
{Heap after GC invocations=57 (full 0):
 garbage-first heap   total 275456K, used 140123K [0x0000000080000000, 0x0000000100000000)
  region size 1024K, 12 young (12288K), 12 survivors (12288K)
 Metaspace       used 109249K, capacity 111988K, committed 112204K, reserved 1146880K
  class space    used 13636K, capacity 14665K, committed 14720K, reserved 1048576K
}
Event: 36.025 GC heap before
{Heap before GC invocations=57 (full 0):
 garbage-first heap   total 275456K, used 214875K [0x0000000080000000, 0x0000000100000000)
  region size 1024K, 86 young (88064K), 12 survivors (12288K)
 Metaspace       used 110168K, capacity 112938K, committed 113228K, reserved 1146880K
  class space    used 13811K, capacity 14872K, committed 14976K, reserved 1048576K
}
Event: 36.053 GC heap after
{Heap after GC invocations=58 (full 0):
 garbage-first heap   total 275456K, used 154591K [0x0000000080000000, 0x0000000100000000)
  region size 1024K, 11 young (11264K), 11 survivors (11264K)
 Metaspace       used 110168K, capacity 112938K, committed 113228K, reserved 1146880K
  class space    used 13811K, capacity 14872K, committed 14976K, reserved 1048576K
}
Event: 36.459 GC heap before
{Heap before GC invocations=59 (full 0):
 garbage-first heap   total 275456K, used 219103K [0x0000000080000000, 0x0000000100000000)
  region size 1024K, 75 young (76800K), 11 survivors (11264K)
 Metaspace       used 112666K, capacity 115448K, committed 115660K, reserved 1148928K
  class space    used 14208K, capacity 15247K, committed 15360K, reserved 1048576K
}

