# JRE version: OpenJDK Runtime Environment (11.0.11+9) (build 11.0.11+9-b60-7590822)
# Java VM: OpenJDK 64-Bit Server VM (11.0.11+9-b60-7590822, mixed mode, tiered, compressed oops, g1 gc, windows-amd64)
Heap:
 garbage-first heap   total 225280K, used 167199K [0x0000000080000000, 0x0000000100000000)
  region size 1024K, 34 young (34816K), 8 survivors (8192K)
 Metaspace       used 111297K, capacity 114177K, committed 115056K, reserved 1148928K
  class space    used 13887K, capacity 14911K, committed 15232K, reserved 1048576K
GC Heap History (20 events):
Event: 9.751 GC heap before
{Heap before GC invocations=29 (full 0):
 garbage-first heap   total 187392K, used 152426K [0x0000000080000000, 0x0000000100000000)
  region size 1024K, 47 young (48128K), 3 survivors (3072K)
 Metaspace       used 93949K, capacity 96153K, committed 96240K, reserved 1132544K
  class space    used 12031K, capacity 12797K, committed 12800K, reserved 1048576K
}
Event: 9.756 GC heap after
{Heap after GC invocations=30 (full 0):
 garbage-first heap   total 225280K, used 108950K [0x0000000080000000, 0x0000000100000000)
  region size 1024K, 5 young (5120K), 5 survivors (5120K)
 Metaspace       used 93949K, capacity 96153K, committed 96240K, reserved 1132544K
  class space    used 12031K, capacity 12797K, committed 12800K, reserved 1048576K
}
Event: 10.348 GC heap before
{Heap before GC invocations=30 (full 0):
 garbage-first heap   total 225280K, used 166294K [0x0000000080000000, 0x0000000100000000)
  region size 1024K, 62 young (63488K), 5 survivors (5120K)
 Metaspace       used 97884K, capacity 100561K, committed 100592K, reserved 1136640K
  class space    used 12642K, capacity 13552K, committed 13568K, reserved 1048576K
}
Event: 10.355 GC heap after
{Heap after GC invocations=31 (full 0):
 garbage-first heap   total 225280K, used 113672K [0x0000000080000000, 0x0000000100000000)
  region size 1024K, 7 young (7168K), 7 survivors (7168K)
 Metaspace       used 97884K, capacity 100561K, committed 100592K, reserved 1136640K
  class space    used 12642K, capacity 13552K, committed 13568K, reserved 1048576K
}
Event: 10.925 GC heap before
{Heap before GC invocations=32 (full 0):
 garbage-first heap   total 225280K, used 171016K [0x0000000080000000, 0x0000000100000000)
  region size 1024K, 64 young (65536K), 7 survivors (7168K)
 Metaspace       used 99045K, capacity 101728K, committed 102000K, reserved 1138688K
  class space    used 12747K, capacity 13674K, committed 13696K, reserved 1048576K
}
Event: 10.932 GC heap after
{Heap after GC invocations=33 (full 0):
 garbage-first heap   total 225280K, used 117448K [0x0000000080000000, 0x0000000100000000)
  region size 1024K, 5 young (5120K), 5 survivors (5120K)
 Metaspace       used 99045K, capacity 101728K, committed 102000K, reserved 1138688K
  class space    used 12747K, capacity 13674K, committed 13696K, reserved 1048576K
}
Event: 11.804 GC heap before
{Heap before GC invocations=33 (full 0):
 garbage-first heap   total 225280K, used 174792K [0x0000000080000000, 0x0000000100000000)
  region size 1024K, 62 young (63488K), 5 survivors (5120K)
 Metaspace       used 104364K, capacity 107271K, committed 107504K, reserved 1142784K
  class space    used 13424K, capacity 14517K, committed 14592K, reserved 1048576K
}
Event: 11.813 GC heap after
{Heap after GC invocations=34 (full 0):
 garbage-first heap   total 225280K, used 120487K [0x0000000080000000, 0x0000000100000000)
  region size 1024K, 8 young (8192K), 8 survivors (8192K)
 Metaspace       used 104364K, capacity 107271K, committed 107504K, reserved 1142784K
  class space    used 13424K, capacity 14517K, committed 14592K, reserved 1048576K
}
Event: 49.283 GC heap before
{Heap before GC invocations=35 (full 0):
 garbage-first heap   total 225280K, used 178855K [0x0000000080000000, 0x0000000100000000)
  region size 1024K, 66 young (67584K), 8 survivors (8192K)
 Metaspace       used 107912K, capacity 110920K, committed 111472K, reserved 1146880K
  class space    used 13625K, capacity 14750K, committed 14976K, reserved 1048576K
}
Event: 49.291 GC heap after
{Heap after GC invocations=36 (full 0):
 garbage-first heap   total 225280K, used 125550K [0x0000000080000000, 0x0000000100000000)
  region size 1024K, 9 young (9216K), 9 survivors (9216K)
 Metaspace       used 107912K, capacity 110920K, committed 111472K, reserved 1146880K
  class space    used 13625K, capacity 14750K, committed 14976K, reserved 1048576K
}
Event: 50.000 GC heap before
{Heap before GC invocations=36 (full 0):
 garbage-first heap   total 225280K, used 181870K [0x0000000080000000, 0x0000000100000000)
  region size 1024K, 65 young (66560K), 9 survivors (9216K)
 Metaspace       used 108344K, capacity 111424K, committed 111728K, reserved 1146880K
  class space    used 13642K, capacity 14775K, committed 14976K, reserved 1048576K
}
Event: 50.010 GC heap after
{Heap after GC invocations=37 (full 0):
 garbage-first heap   total 225280K, used 130267K [0x0000000080000000, 0x0000000100000000)
  region size 1024K, 5 young (5120K), 5 survivors (5120K)
 Metaspace       used 108344K, capacity 111424K, committed 111728K, reserved 1146880K
  class space    used 13642K, capacity 14775K, committed 14976K, reserved 1048576K
}
Event: 50.629 GC heap before
{Heap before GC invocations=38 (full 0):
 garbage-first heap   total 225280K, used 184319K [0x0000000080000000, 0x0000000100000000)
  region size 1024K, 59 young (60416K), 5 survivors (5120K)
 Metaspace       used 108475K, capacity 111509K, committed 111984K, reserved 1146880K
  class space    used 13643K, capacity 14775K, committed 14976K, reserved 1048576K
}
Event: 50.634 GC heap after
{Heap after GC invocations=39 (full 0):
 garbage-first heap   total 225280K, used 131985K [0x0000000080000000, 0x0000000100000000)
  region size 1024K, 3 young (3072K), 3 survivors (3072K)
 Metaspace       used 108475K, capacity 111509K, committed 111984K, reserved 1146880K
  class space    used 13643K, capacity 14775K, committed 14976K, reserved 1048576K
}
Event: 50.957 GC heap before
{Heap before GC invocations=39 (full 0):
 garbage-first heap   total 225280K, used 186257K [0x0000000080000000, 0x0000000100000000)
  region size 1024K, 57 young (58368K), 3 survivors (3072K)
 Metaspace       used 108749K, capacity 111848K, committed 112240K, reserved 1146880K
  class space    used 13654K, capacity 14790K, committed 14976K, reserved 1048576K
}
Event: 50.963 GC heap after
{Heap after GC invocations=40 (full 0):
 garbage-first heap   total 225280K, used 135691K [0x0000000080000000, 0x0000000100000000)
  region size 1024K, 6 young (6144K), 6 survivors (6144K)
 Metaspace       used 108749K, capacity 111848K, committed 112240K, reserved 1146880K
  class space    used 13654K, capacity 14790K, committed 14976K, reserved 1048576K
}
Event: 1955.529 GC heap before
{Heap before GC invocations=41 (full 0):
 garbage-first heap   total 225280K, used 188939K [0x0000000080000000, 0x0000000100000000)
  region size 1024K, 58 young (59392K), 6 survivors (6144K)
 Metaspace       used 109129K, capacity 112132K, committed 112496K, reserved 1146880K
  class space    used 13656K, capacity 14791K, committed 14976K, reserved 1048576K
}
Event: 1955.692 GC heap after
{Heap after GC invocations=42 (full 0):
 garbage-first heap   total 225280K, used 137739K [0x0000000080000000, 0x0000000100000000)
  region size 1024K, 7 young (7168K), 7 survivors (7168K)
 Metaspace       used 109129K, capacity 112132K, committed 112496K, reserved 1146880K
  class space    used 13656K, capacity 14791K, committed 14976K, reserved 1048576K
}
Event: 1958.357 GC heap before
{Heap before GC invocations=42 (full 0):
 garbage-first heap   total 225280K, used 188939K [0x0000000080000000, 0x0000000100000000)
  region size 1024K, 58 young (59392K), 7 survivors (7168K)
 Metaspace       used 111588K, capacity 114671K, committed 114800K, reserved 1148928K
  class space    used 13990K, capacity 15128K, committed 15232K, reserved 1048576K
}
Event: 1958.417 GC heap after
{Heap after GC invocations=43 (full 0):
 garbage-first heap   total 225280K, used 142766K [0x0000000080000000, 0x0000000100000000)
  region size 1024K, 8 young (8192K), 8 survivors (8192K)
 Metaspace       used 111588K, capacity 114671K, committed 114800K, reserved 1148928K
  class space    used 13990K, capacity 15128K, committed 15232K, reserved 1048576K
}

